{"name":"Scenario: Create a meeting unsuccessfully","id":"as-a-user--i-want-to-create-meetings-so-i-can-do-the-sprint-ceremonies;scenario:-create-a-meeting-unsuccessfully","testSteps":[{"number":1,"description":"Given that the user created a Business Unit","duration":10779,"startTime":"2022-05-16T09:22:02.325-05:00[America/Mexico_City]","exception":{"errorType":"net.thucydides.core.webdriver.exceptions.ElementShouldBeEnabledException","message":"The following error occurred: Expected enabled element was not enabled","stackTrace":[{"declaringClass":"tasks.BusinessUnit","methodName":"performAs","fileName":"BusinessUnit.java","lineNumber":19},{"declaringClass":"stepdefinitions.StarSharpStepDefinitions","methodName":"thatTheUserCreatedABusinessUnit","fileName":"StarSharpStepDefinitions.java","lineNumber":55},{"declaringClass":"cucumber.runner.Runner","methodName":"runPickle","fileName":"Runner.java","lineNumber":80}],"rootCause":{"errorType":"org.openqa.selenium.TimeoutException","message":"Expected condition failed: waiting for By.xpath: //span[contains(text(), \u0027Organization\u0027)] to be enabled (tried for 5 second(s) with 100 milliseconds interval)","stackTrace":[{"declaringClass":"tasks.BusinessUnit","methodName":"performAs","fileName":"BusinessUnit.java","lineNumber":19},{"declaringClass":"stepdefinitions.StarSharpStepDefinitions","methodName":"thatTheUserCreatedABusinessUnit","fileName":"StarSharpStepDefinitions.java","lineNumber":55},{"declaringClass":"cucumber.runner.Runner","methodName":"runPickle","fileName":"Runner.java","lineNumber":80}],"rootCause":{"errorType":"org.openqa.selenium.NoSuchElementException","message":"no such element: Unable to locate element: {\"method\":\"xpath\",\"selector\":\"//span[contains(text(), \u0027Organization\u0027)]\"}\n  (Session info: MicrosoftEdge\u003d101.0.1210.39)\nFor documentation on this error, please visit: http://seleniumhq.org/exceptions/no_such_element.html\nBuild info: version: \u00273.11.0\u0027, revision: \u0027e59cfb3\u0027, time: \u00272018-03-11T20:26:55.152Z\u0027\nSystem info: host: \u0027CHBOG553KDL3\u0027, ip: \u0027192.168.0.4\u0027, os.name: \u0027Windows 10\u0027, os.arch: \u0027amd64\u0027, os.version: \u002710.0\u0027, java.version: \u00271.8.0_131\u0027\nDriver info: org.openqa.selenium.remote.RemoteWebDriver\nCapabilities {acceptInsecureCerts: false, browserName: msedge, browserVersion: 101.0.1210.39, javascriptEnabled: true, ms:edgeOptions: {debuggerAddress: localhost:55402}, msedge: {msedgedriverVersion: 101.0.1210.39 (ae7c307992c2..., userDataDir: C:\\Users\\jortizf\\AppData\\Lo...}, networkConnectionEnabled: false, pageLoadStrategy: normal, platform: WINDOWS, platformName: WINDOWS, proxy: Proxy(), setWindowRect: true, strictFileInteractability: false, timeouts: {implicit: 0, pageLoad: 300000, script: 30000}, unhandledPromptBehavior: dismiss and notify, webauthn:extension:credBlob: true, webauthn:extension:largeBlob: true, webauthn:virtualAuthenticators: true}\nSession ID: b855ec744a3aba626fea69e8fc3c1cf5\n*** Element info: {Using\u003dxpath, value\u003d//span[contains(text(), \u0027Organization\u0027)]}","stackTrace":[{"declaringClass":"tasks.BusinessUnit","methodName":"performAs","fileName":"BusinessUnit.java","lineNumber":19},{"declaringClass":"stepdefinitions.StarSharpStepDefinitions","methodName":"thatTheUserCreatedABusinessUnit","fileName":"StarSharpStepDefinitions.java","lineNumber":55},{"declaringClass":"cucumber.runner.Runner","methodName":"runPickle","fileName":"Runner.java","lineNumber":80}]}}},"result":"FAILURE","precondition":false,"children":[{"number":2,"description":"user clicks on organization item of the menu","duration":10758,"startTime":"2022-05-16T09:22:02.346-05:00[America/Mexico_City]","screenshots":[{"screenshot":"b56fe852e47578508a4029fd128460aa61e6f52d1322f84f18fd63fd2758d2fc.png","htmlSource":"pagesource774118129358585919.html.txt"}],"exception":{"errorType":"net.thucydides.core.webdriver.exceptions.ElementShouldBeEnabledException","message":"The following error occurred: Expected enabled element was not enabled","stackTrace":[{"declaringClass":"tasks.BusinessUnit","methodName":"performAs","fileName":"BusinessUnit.java","lineNumber":19},{"declaringClass":"stepdefinitions.StarSharpStepDefinitions","methodName":"thatTheUserCreatedABusinessUnit","fileName":"StarSharpStepDefinitions.java","lineNumber":55},{"declaringClass":"cucumber.runner.Runner","methodName":"runPickle","fileName":"Runner.java","lineNumber":80}],"rootCause":{"errorType":"org.openqa.selenium.TimeoutException","message":"Expected condition failed: waiting for By.xpath: //span[contains(text(), \u0027Organization\u0027)] to be enabled (tried for 5 second(s) with 100 milliseconds interval)","stackTrace":[{"declaringClass":"tasks.BusinessUnit","methodName":"performAs","fileName":"BusinessUnit.java","lineNumber":19},{"declaringClass":"stepdefinitions.StarSharpStepDefinitions","methodName":"thatTheUserCreatedABusinessUnit","fileName":"StarSharpStepDefinitions.java","lineNumber":55},{"declaringClass":"cucumber.runner.Runner","methodName":"runPickle","fileName":"Runner.java","lineNumber":80}],"rootCause":{"errorType":"org.openqa.selenium.NoSuchElementException","message":"no such element: Unable to locate element: {\"method\":\"xpath\",\"selector\":\"//span[contains(text(), \u0027Organization\u0027)]\"}\n  (Session info: MicrosoftEdge\u003d101.0.1210.39)\nFor documentation on this error, please visit: http://seleniumhq.org/exceptions/no_such_element.html\nBuild info: version: \u00273.11.0\u0027, revision: \u0027e59cfb3\u0027, time: \u00272018-03-11T20:26:55.152Z\u0027\nSystem info: host: \u0027CHBOG553KDL3\u0027, ip: \u0027192.168.0.4\u0027, os.name: \u0027Windows 10\u0027, os.arch: \u0027amd64\u0027, os.version: \u002710.0\u0027, java.version: \u00271.8.0_131\u0027\nDriver info: org.openqa.selenium.remote.RemoteWebDriver\nCapabilities {acceptInsecureCerts: false, browserName: msedge, browserVersion: 101.0.1210.39, javascriptEnabled: true, ms:edgeOptions: {debuggerAddress: localhost:55402}, msedge: {msedgedriverVersion: 101.0.1210.39 (ae7c307992c2..., userDataDir: C:\\Users\\jortizf\\AppData\\Lo...}, networkConnectionEnabled: false, pageLoadStrategy: normal, platform: WINDOWS, platformName: WINDOWS, proxy: Proxy(), setWindowRect: true, strictFileInteractability: false, timeouts: {implicit: 0, pageLoad: 300000, script: 30000}, unhandledPromptBehavior: dismiss and notify, webauthn:extension:credBlob: true, webauthn:extension:largeBlob: true, webauthn:virtualAuthenticators: true}\nSession ID: b855ec744a3aba626fea69e8fc3c1cf5\n*** Element info: {Using\u003dxpath, value\u003d//span[contains(text(), \u0027Organization\u0027)]}","stackTrace":[{"declaringClass":"tasks.BusinessUnit","methodName":"performAs","fileName":"BusinessUnit.java","lineNumber":19},{"declaringClass":"stepdefinitions.StarSharpStepDefinitions","methodName":"thatTheUserCreatedABusinessUnit","fileName":"StarSharpStepDefinitions.java","lineNumber":55},{"declaringClass":"cucumber.runner.Runner","methodName":"runPickle","fileName":"Runner.java","lineNumber":80}]}}},"result":"FAILURE","precondition":false}]},{"number":3,"description":"Perform as: user","duration":5,"startTime":"2022-05-16T09:22:13.104-05:00[America/Mexico_City]","exception":{"errorType":"net.thucydides.core.webdriver.exceptions.ElementShouldBeEnabledException","message":"The following error occurred: Expected enabled element was not enabled","stackTrace":[{"declaringClass":"tasks.BusinessUnit","methodName":"performAs","fileName":"BusinessUnit.java","lineNumber":19},{"declaringClass":"stepdefinitions.StarSharpStepDefinitions","methodName":"thatTheUserCreatedABusinessUnit","fileName":"StarSharpStepDefinitions.java","lineNumber":55},{"declaringClass":"cucumber.runner.Runner","methodName":"runPickle","fileName":"Runner.java","lineNumber":80}],"rootCause":{"errorType":"org.openqa.selenium.TimeoutException","message":"Expected condition failed: waiting for By.xpath: //span[contains(text(), \u0027Organization\u0027)] to be enabled (tried for 5 second(s) with 100 milliseconds interval)","stackTrace":[{"declaringClass":"tasks.BusinessUnit","methodName":"performAs","fileName":"BusinessUnit.java","lineNumber":19},{"declaringClass":"stepdefinitions.StarSharpStepDefinitions","methodName":"thatTheUserCreatedABusinessUnit","fileName":"StarSharpStepDefinitions.java","lineNumber":55},{"declaringClass":"cucumber.runner.Runner","methodName":"runPickle","fileName":"Runner.java","lineNumber":80}],"rootCause":{"errorType":"org.openqa.selenium.NoSuchElementException","message":"no such element: Unable to locate element: {\"method\":\"xpath\",\"selector\":\"//span[contains(text(), \u0027Organization\u0027)]\"}\n  (Session info: MicrosoftEdge\u003d101.0.1210.39)\nFor documentation on this error, please visit: http://seleniumhq.org/exceptions/no_such_element.html\nBuild info: version: \u00273.11.0\u0027, revision: \u0027e59cfb3\u0027, time: \u00272018-03-11T20:26:55.152Z\u0027\nSystem info: host: \u0027CHBOG553KDL3\u0027, ip: \u0027192.168.0.4\u0027, os.name: \u0027Windows 10\u0027, os.arch: \u0027amd64\u0027, os.version: \u002710.0\u0027, java.version: \u00271.8.0_131\u0027\nDriver info: org.openqa.selenium.remote.RemoteWebDriver\nCapabilities {acceptInsecureCerts: false, browserName: msedge, browserVersion: 101.0.1210.39, javascriptEnabled: true, ms:edgeOptions: {debuggerAddress: localhost:55402}, msedge: {msedgedriverVersion: 101.0.1210.39 (ae7c307992c2..., userDataDir: C:\\Users\\jortizf\\AppData\\Lo...}, networkConnectionEnabled: false, pageLoadStrategy: normal, platform: WINDOWS, platformName: WINDOWS, proxy: Proxy(), setWindowRect: true, strictFileInteractability: false, timeouts: {implicit: 0, pageLoad: 300000, script: 30000}, unhandledPromptBehavior: dismiss and notify, webauthn:extension:credBlob: true, webauthn:extension:largeBlob: true, webauthn:virtualAuthenticators: true}\nSession ID: b855ec744a3aba626fea69e8fc3c1cf5\n*** Element info: {Using\u003dxpath, value\u003d//span[contains(text(), \u0027Organization\u0027)]}","stackTrace":[{"declaringClass":"tasks.BusinessUnit","methodName":"performAs","fileName":"BusinessUnit.java","lineNumber":19},{"declaringClass":"stepdefinitions.StarSharpStepDefinitions","methodName":"thatTheUserCreatedABusinessUnit","fileName":"StarSharpStepDefinitions.java","lineNumber":55},{"declaringClass":"cucumber.runner.Runner","methodName":"runPickle","fileName":"Runner.java","lineNumber":80}]}}},"result":"FAILURE","precondition":false},{"number":4,"description":"And he go to Meetings page","duration":0,"startTime":"2022-05-16T09:22:13.109-05:00[America/Mexico_City]","result":"SKIPPED","precondition":false},{"number":5,"description":"When he create a new meeting with bad information","duration":0,"startTime":"2022-05-16T09:22:13.109-05:00[America/Mexico_City]","result":"SKIPPED","precondition":false},{"number":6,"description":"Then the page should show Please validate empty or invalid inputs (marked with red) before submitting the form.","duration":0,"startTime":"2022-05-16T09:22:13.109-05:00[America/Mexico_City]","result":"SKIPPED","precondition":false}],"userStory":{"id":"as-a-user--i-want-to-create-meetings-so-i-can-do-the-sprint-ceremonies","storyName":"As a user, I want to create meetings so I can do the sprint ceremonies","path":"src/test/resources/features/meeting.feature","type":"feature"},"featureTag":{"name":"Features/As a user, I want to create meetings so I can do the sprint ceremonies","type":"feature"},"title":"Scenario","backgroundTitle":"User logged in","backgroundDescription":"","tags":[{"name":"UnhappyPath","type":"tag"},{"name":"stories","type":"tag"}],"startTime":"2022-05-16T09:22:02.325-05:00[America/Mexico_City]","duration":10878,"testFailureCause":{"errorType":"net.thucydides.core.webdriver.exceptions.ElementShouldBeEnabledException","message":"The following error occurred: Expected enabled element was not enabled","stackTrace":[{"declaringClass":"tasks.BusinessUnit","methodName":"performAs","fileName":"BusinessUnit.java","lineNumber":19},{"declaringClass":"stepdefinitions.StarSharpStepDefinitions","methodName":"thatTheUserCreatedABusinessUnit","fileName":"StarSharpStepDefinitions.java","lineNumber":55},{"declaringClass":"cucumber.runner.Runner","methodName":"runPickle","fileName":"Runner.java","lineNumber":80}],"rootCause":{"errorType":"org.openqa.selenium.TimeoutException","message":"Expected condition failed: waiting for By.xpath: //span[contains(text(), \u0027Organization\u0027)] to be enabled (tried for 5 second(s) with 100 milliseconds interval)","stackTrace":[{"declaringClass":"tasks.BusinessUnit","methodName":"performAs","fileName":"BusinessUnit.java","lineNumber":19},{"declaringClass":"stepdefinitions.StarSharpStepDefinitions","methodName":"thatTheUserCreatedABusinessUnit","fileName":"StarSharpStepDefinitions.java","lineNumber":55},{"declaringClass":"cucumber.runner.Runner","methodName":"runPickle","fileName":"Runner.java","lineNumber":80}],"rootCause":{"errorType":"org.openqa.selenium.NoSuchElementException","message":"no such element: Unable to locate element: {\"method\":\"xpath\",\"selector\":\"//span[contains(text(), \u0027Organization\u0027)]\"}\n  (Session info: MicrosoftEdge\u003d101.0.1210.39)\nFor documentation on this error, please visit: http://seleniumhq.org/exceptions/no_such_element.html\nBuild info: version: \u00273.11.0\u0027, revision: \u0027e59cfb3\u0027, time: \u00272018-03-11T20:26:55.152Z\u0027\nSystem info: host: \u0027CHBOG553KDL3\u0027, ip: \u0027192.168.0.4\u0027, os.name: \u0027Windows 10\u0027, os.arch: \u0027amd64\u0027, os.version: \u002710.0\u0027, java.version: \u00271.8.0_131\u0027\nDriver info: org.openqa.selenium.remote.RemoteWebDriver\nCapabilities {acceptInsecureCerts: false, browserName: msedge, browserVersion: 101.0.1210.39, javascriptEnabled: true, ms:edgeOptions: {debuggerAddress: localhost:55402}, msedge: {msedgedriverVersion: 101.0.1210.39 (ae7c307992c2..., userDataDir: C:\\Users\\jortizf\\AppData\\Lo...}, networkConnectionEnabled: false, pageLoadStrategy: normal, platform: WINDOWS, platformName: WINDOWS, proxy: Proxy(), setWindowRect: true, strictFileInteractability: false, timeouts: {implicit: 0, pageLoad: 300000, script: 30000}, unhandledPromptBehavior: dismiss and notify, webauthn:extension:credBlob: true, webauthn:extension:largeBlob: true, webauthn:virtualAuthenticators: true}\nSession ID: b855ec744a3aba626fea69e8fc3c1cf5\n*** Element info: {Using\u003dxpath, value\u003d//span[contains(text(), \u0027Organization\u0027)]}","stackTrace":[{"declaringClass":"tasks.BusinessUnit","methodName":"performAs","fileName":"BusinessUnit.java","lineNumber":19},{"declaringClass":"stepdefinitions.StarSharpStepDefinitions","methodName":"thatTheUserCreatedABusinessUnit","fileName":"StarSharpStepDefinitions.java","lineNumber":55},{"declaringClass":"cucumber.runner.Runner","methodName":"runPickle","fileName":"Runner.java","lineNumber":80}]}}},"testFailureClassname":"net.thucydides.core.webdriver.exceptions.ElementShouldBeEnabledException","testFailureMessage":"The following error occurred: Expected enabled element was not enabled","testFailureSummary":"FAILURE;net.thucydides.core.webdriver.exceptions.ElementShouldBeEnabledException;The following error occurred: Expected enabled element was not enabled;BusinessUnit.java","projectKey":"","annotatedResult":"FAILURE","sessionId":"b855ec744a3aba626fea69e8fc3c1cf5","driver":"edge:user","manual":false,"testSource":"Cucumber","result":"FAILURE"}